<?xml version="1.0" encoding="utf-8"?><testsuites name="pytest tests"><testsuite name="pytest" errors="0" failures="0" skipped="0" tests="111" time="88.068" timestamp="2026-08-01T23:09:55.896490+00:00" hostname="agent-env-e28e105d-bedd-45c6-bad8-782f1d891e1a"><testcase classname="tests.backend_test.TestHealth" name="test_root" time="0.147" /><testcase classname="tests.backend_test.TestCreateQuote" name="test_create_quote_minimum_required" time="0.041" /><testcase classname="tests.backend_test.TestCreateQuote" name="test_create_quote_full" time="0.040" /><testcase classname="tests.backend_test.TestCreateQuote" name="test_create_quote_bedrooms_bathrooms_persist" time="0.208" /><testcase classname="tests.backend_test.TestCreateQuote" name="test_create_quote_missing_required_fails" time="0.042" /><testcase classname="tests.backend_test.TestListQuotesAuth" name="test_get_quotes_no_header" time="0.105" /><testcase classname="tests.backend_test.TestListQuotesAuth" name="test_get_quotes_wrong_password" time="0.101" /><testcase classname="tests.backend_test.TestListQuotesAuth" name="test_get_quotes_correct_password_returns_list" time="0.112" /><testcase classname="tests.backend_test.TestAdminLogin" name="test_admin_login_correct" time="0.118" /><testcase classname="tests.backend_test.TestAdminLogin" name="test_admin_login_wrong" time="0.118" /><testcase classname="tests.backend_test" name="test_zz_cleanup_test_leads" time="0.153" /><testcase classname="tests.test_admin_password_and_leads.TestLeadsProxy" name="test_requires_admin" time="0.187" /><testcase classname="tests.test_admin_password_and_leads.TestLeadsProxy" name="test_wrong_pw_401" time="0.139" /><testcase classname="tests.test_admin_password_and_leads.TestLeadsProxy" name="test_returns_list_of_leads" time="0.407" /><testcase classname="tests.test_admin_password_and_leads.TestAdminPasswordChange" name="test_requires_current_pw" time="0.140" /><testcase classname="tests.test_admin_password_and_leads.TestAdminPasswordChange" name="test_wrong_current_pw" time="0.137" /><testcase classname="tests.test_admin_password_and_leads.TestAdminPasswordChange" name="test_too_short" time="0.126" /><testcase classname="tests.test_admin_password_and_leads.TestAdminPasswordChange" name="test_change_and_login_lifecycle" time="0.518" /><testcase classname="tests.test_admin_password_and_leads.TestAssignmentStatus" name="test_invalid_status_400" time="0.434" /><testcase classname="tests.test_admin_password_and_leads.TestAssignmentStatus" name="test_wrong_cleaner_id_404" time="0.449" /><testcase classname="tests.test_admin_password_and_leads.TestAssignmentStatus" name="test_on_the_way_and_cleaning_keep_job_visible" time="0.623" /><testcase classname="tests.test_admin_password_and_leads.TestAssignmentStatus" name="test_done_removes_from_cleaner_jobs_and_sets_completed_at" time="0.506" /><testcase classname="tests.test_admin_password_and_leads.TestAssignmentStatus" name="test_status_done_endpoint" time="0.490" /><testcase classname="tests.test_app_settings_and_pwa.TestAppSettingsGet" name="test_get_returns_defaults_and_computed_fields" time="0.089" /><testcase classname="tests.test_app_settings_and_pwa.TestAppSettingsPut" name="test_put_no_password_401" time="0.102" /><testcase classname="tests.test_app_settings_and_pwa.TestAppSettingsPut" name="test_put_wrong_password_401" time="0.094" /><testcase classname="tests.test_app_settings_and_pwa.TestAppSettingsPut" name="test_put_update_then_restore" time="0.322" /><testcase classname="tests.test_app_settings_and_pwa.TestAppSettingsPut" name="test_put_hours_update_then_restore" time="0.197" /><testcase classname="tests.test_app_settings_and_pwa.TestAppSettingsLogo" name="test_logo_upload_and_reset" time="0.933" /><testcase classname="tests.test_app_settings_and_pwa.TestAppSettingsLogo" name="test_logo_upload_wrong_password" time="0.108" /><testcase classname="tests.test_app_settings_and_pwa.TestAppSettingsLogo" name="test_logo_delete_wrong_password" time="0.099" /><testcase classname="tests.test_app_settings_and_pwa.TestAppImageFit" name="test_get_includes_fit_field_default_cover" time="0.098" /><testcase classname="tests.test_app_settings_and_pwa.TestAppImageFit" name="test_patch_fit_wrong_password_401" time="0.208" /><testcase classname="tests.test_app_settings_and_pwa.TestAppImageFit" name="test_patch_fit_invalid_value_400" time="0.182" /><testcase classname="tests.test_app_settings_and_pwa.TestAppImageFit" name="test_patch_fit_toggle_and_restore" time="0.375" /><testcase classname="tests.test_app_settings_and_pwa.TestPWA" name="test_manifest_json" time="0.095" /><testcase classname="tests.test_app_settings_and_pwa.TestPWA" name="test_service_worker" time="0.095" /><testcase classname="tests.test_app_settings_and_pwa.TestPWA" name="test_icons[/icons/icon-192.png]" time="0.106" /><testcase classname="tests.test_app_settings_and_pwa.TestPWA" name="test_icons[/icons/icon-512.png]" time="0.119" /><testcase classname="tests.test_app_settings_and_pwa.TestPWA" name="test_icons[/icons/icon-maskable-512.png]" time="0.117" /><testcase classname="tests.test_app_settings_and_pwa.TestPWA" name="test_icons[/icons/apple-touch-icon.png]" time="0.103" /><testcase classname="tests.test_app_settings_and_pwa.TestPWA" name="test_index_html_has_pwa_tags" time="0.716" /><testcase classname="tests.test_assignments.TestCreateAssignment" name="test_requires_admin_pw" time="0.286" /><testcase classname="tests.test_assignments.TestCreateAssignment" name="test_wrong_admin_pw" time="0.183" /><testcase classname="tests.test_assignments.TestCreateAssignment" name="test_404_unknown_cleaner" time="0.048" /><testcase classname="tests.test_assignments.TestCreateAssignment" name="test_create_snapshots_cleaner_name_and_status" time="0.306" /><testcase classname="tests.test_assignments.TestCreateAssignment" name="test_re_assign_same_quote_replaces" time="0.374" /><testcase classname="tests.test_assignments.TestCreateAssignment" name="test_re_assign_after_done_preserves_history" time="0.613" /><testcase classname="tests.test_assignments.TestListAndDeleteAssignment" name="test_list_requires_admin" time="0.042" /><testcase classname="tests.test_assignments.TestListAndDeleteAssignment" name="test_list_and_delete_flow" time="0.409" /><testcase classname="tests.test_assignments.TestCleanerJobs" name="test_wrong_pin_401" time="0.208" /><testcase classname="tests.test_assignments.TestCleanerJobs" name="test_returns_only_assigned_status" time="0.564" /><testcase classname="tests.test_assignments.TestCompleteAssignment" name="test_wrong_pin_401" time="0.335" /><testcase classname="tests.test_assignments.TestCompleteAssignment" name="test_wrong_cleaner_id_404" time="0.329" /><testcase classname="tests.test_assignments.TestCleanerCascade" name="test_delete_cleaner_removes_assignments" time="0.283" /><testcase classname="tests.test_cleaner_tracking.TestStaffPin" name="test_get_pin_requires_admin" time="0.094" /><testcase classname="tests.test_cleaner_tracking.TestStaffPin" name="test_get_pin_wrong_admin" time="0.091" /><testcase classname="tests.test_cleaner_tracking.TestStaffPin" name="test_get_pin_ok" time="0.101" /><testcase classname="tests.test_cleaner_tracking.TestStaffPin" name="test_put_pin_rejects_non_digits" time="0.090" /><testcase classname="tests.test_cleaner_tracking.TestStaffPin" name="test_put_pin_rejects_short" time="0.094" /><testcase classname="tests.test_cleaner_tracking.TestStaffPin" name="test_put_pin_rejects_long" time="0.092" /><testcase classname="tests.test_cleaner_tracking.TestStaffPin" name="test_put_pin_requires_admin" time="0.095" /><testcase classname="tests.test_cleaner_tracking.TestStaffPin" name="test_put_pin_updates_and_old_pin_rejected_then_restore" time="0.462" /><testcase classname="tests.test_cleaner_tracking.TestCleanerCheckin" name="test_checkin_ok" time="0.111" /><testcase classname="tests.test_cleaner_tracking.TestCleanerCheckin" name="test_checkin_wrong_pin" time="0.094" /><testcase classname="tests.test_cleaner_tracking.TestCleanerCheckin" name="test_checkin_empty_name" time="0.097" /><testcase classname="tests.test_cleaner_tracking.TestCleanerCheckin" name="test_checkin_dedupe_same_name" time="0.194" /><testcase classname="tests.test_cleaner_tracking.TestCleanerLocation" name="test_location_ok_sets_sharing_true" time="0.325" /><testcase classname="tests.test_cleaner_tracking.TestCleanerLocation" name="test_location_wrong_pin" time="0.096" /><testcase classname="tests.test_cleaner_tracking.TestCleanerLocation" name="test_location_unknown_cleaner" time="0.107" /><testcase classname="tests.test_cleaner_tracking.TestCleanerLocation" name="test_stop_sets_sharing_false" time="4.456" /><testcase classname="tests.test_cleaner_tracking.TestCleanerAdmin" name="test_list_requires_admin" time="0.185" /><testcase classname="tests.test_cleaner_tracking.TestCleanerAdmin" name="test_list_returns_expected_shape" time="0.213" /><testcase classname="tests.test_cleaner_tracking.TestCleanerAdmin" name="test_delete_requires_admin" time="0.385" /><testcase classname="tests.test_cleaner_tracking.TestCleanerAdmin" name="test_delete_unknown_returns_404" time="0.709" /><testcase classname="tests.test_history_photos_reviews.TestReviewUrlSetting" name="test_default_review_url_is_empty" time="0.106" /><testcase classname="tests.test_history_photos_reviews.TestReviewUrlSetting" name="test_admin_can_set_review_url" time="0.281" /><testcase classname="tests.test_history_photos_reviews.TestAssignmentHistory" name="test_requires_admin" time="0.105" /><testcase classname="tests.test_history_photos_reviews.TestAssignmentHistory" name="test_history_returns_done_only_and_filter" time="0.685" /><testcase classname="tests.test_history_photos_reviews.TestPhotoProof" name="test_wrong_pin_rejected" time="0.373" /><testcase classname="tests.test_history_photos_reviews.TestPhotoProof" name="test_invalid_kind_rejected" time="0.371" /><testcase classname="tests.test_history_photos_reviews.TestPhotoProof" name="test_upload_and_list_and_delete_photo" time="1.112" /><testcase classname="tests.test_history_photos_reviews.TestSendReview" name="test_requires_admin" time="0.379" /><testcase classname="tests.test_history_photos_reviews.TestSendReview" name="test_fails_without_review_url" time="0.499" /><testcase classname="tests.test_history_photos_reviews.TestSendReview" name="test_send_review_respects_twilio_configuration" time="0.966" /><testcase classname="tests.test_history_photos_reviews.TestRequirePhotosForDone" name="test_flag_defaults_off_in_settings" time="0.092" /><testcase classname="tests.test_history_photos_reviews.TestRequirePhotosForDone" name="test_blocks_done_when_no_photos" time="50.939" /><testcase classname="tests.test_history_photos_reviews.TestRequirePhotosForDone" name="test_blocks_done_with_only_before" time="1.299" /><testcase classname="tests.test_history_photos_reviews.TestRequirePhotosForDone" name="test_allows_done_with_both" time="1.233" /><testcase classname="tests.test_history_photos_reviews.TestRequirePhotosForDone" name="test_flag_off_allows_done_without_photos" time="0.382" /><testcase classname="tests.test_history_photos_reviews.TestClientMerge" name="test_merge_moves_all_matching_visits_atomically" time="2.511" /><testcase classname="tests.test_history_photos_reviews.TestClientMerge" name="test_merge_rejects_same_source_and_target" time="0.093" /><testcase classname="tests.test_history_photos_reviews.TestDigestClaimIdempotency" name="test_repeat_claim_same_day_creates_only_one_doc_and_sends_once" time="0.070" /><testcase classname="tests.test_site_images.TestGetSiteImages" name="test_get_public_no_auth" time="0.107" /><testcase classname="tests.test_site_images.TestGetSiteImages" name="test_seeded_gallery_labels_present" time="0.093" /><testcase classname="tests.test_site_images.TestGetSiteImages" name="test_why_section_seeded" time="0.101" /><testcase classname="tests.test_site_images.TestUploadAuth" name="test_upload_requires_admin_header" time="0.103" /><testcase classname="tests.test_site_images.TestUploadAuth" name="test_upload_wrong_password" time="0.090" /><testcase classname="tests.test_site_images.TestUploadAuth" name="test_upload_rejects_non_image" time="0.096" /><testcase classname="tests.test_site_images.TestUploadAuth" name="test_upload_rejects_bad_section" time="0.100" /><testcase classname="tests.test_site_images.TestGalleryUploadAndDelete" name="test_upload_then_get_then_delete" time="1.272" /><testcase classname="tests.test_site_images.TestGalleryUploadAndDelete" name="test_delete_unknown_id_returns_404" time="0.108" /><testcase classname="tests.test_site_images.TestHeroReplace" name="test_hero_upload_replaces_previous" time="0.774" /><testcase classname="tests.test_site_images.TestWhyReplace" name="test_why_upload_replaces_previous_and_restore" time="0.863" /><testcase classname="tests.test_site_images.TestReorder" name="test_reorder_requires_admin" time="0.103" /><testcase classname="tests.test_site_images.TestReorder" name="test_reorder_wrong_password" time="0.105" /><testcase classname="tests.test_site_images.TestReorder" name="test_reorder_reverses_and_restores" time="0.470" /><testcase classname="tests.test_site_images.TestReorder" name="test_reorder_ignores_hero_or_bogus_ids" time="0.296" /><testcase classname="tests.test_site_images.TestQuoteRegression" name="test_create_quote_still_works" time="0.096" /><testcase classname="tests.test_site_images.TestQuoteRegression" name="test_wrong_admin_password_still_401" time="0.092" /><testcase classname="tests.test_site_images" name="test_zz_cleanup" time="0.001" /></testsuite></testsuites>