<?xml version="1.0" encoding="utf-8"?><testsuites name="pytest tests"><testsuite name="pytest" errors="0" failures="0" skipped="0" tests="103" time="90.722" timestamp="2026-07-30T19:20:21.366511+00:00" hostname="agent-env-e28e105d-bedd-45c6-bad8-782f1d891e1a"><testcase classname="tests.backend_test.TestHealth" name="test_root" time="0.260" /><testcase classname="tests.backend_test.TestCreateQuote" name="test_create_quote_minimum_required" time="0.059" /><testcase classname="tests.backend_test.TestCreateQuote" name="test_create_quote_full" time="0.064" /><testcase classname="tests.backend_test.TestCreateQuote" name="test_create_quote_bedrooms_bathrooms_persist" time="0.205" /><testcase classname="tests.backend_test.TestCreateQuote" name="test_create_quote_missing_required_fails" time="0.054" /><testcase classname="tests.backend_test.TestListQuotesAuth" name="test_get_quotes_no_header" time="0.143" /><testcase classname="tests.backend_test.TestListQuotesAuth" name="test_get_quotes_wrong_password" time="0.118" /><testcase classname="tests.backend_test.TestListQuotesAuth" name="test_get_quotes_correct_password_returns_list" time="0.156" /><testcase classname="tests.backend_test.TestAdminLogin" name="test_admin_login_correct" time="0.124" /><testcase classname="tests.backend_test.TestAdminLogin" name="test_admin_login_wrong" time="0.104" /><testcase classname="tests.backend_test" name="test_zz_cleanup_test_leads" time="0.134" /><testcase classname="tests.test_admin_password_and_leads.TestLeadsProxy" name="test_requires_admin" time="0.253" /><testcase classname="tests.test_admin_password_and_leads.TestLeadsProxy" name="test_wrong_pw_401" time="0.169" /><testcase classname="tests.test_admin_password_and_leads.TestLeadsProxy" name="test_returns_list_of_leads" time="0.708" /><testcase classname="tests.test_admin_password_and_leads.TestAdminPasswordChange" name="test_requires_current_pw" time="0.198" /><testcase classname="tests.test_admin_password_and_leads.TestAdminPasswordChange" name="test_wrong_current_pw" time="0.179" /><testcase classname="tests.test_admin_password_and_leads.TestAdminPasswordChange" name="test_too_short" time="0.167" /><testcase classname="tests.test_admin_password_and_leads.TestAdminPasswordChange" name="test_change_and_login_lifecycle" time="0.670" /><testcase classname="tests.test_admin_password_and_leads.TestAssignmentStatus" name="test_invalid_status_400" time="0.580" /><testcase classname="tests.test_admin_password_and_leads.TestAssignmentStatus" name="test_wrong_cleaner_id_404" time="0.546" /><testcase classname="tests.test_admin_password_and_leads.TestAssignmentStatus" name="test_on_the_way_and_cleaning_keep_job_visible" time="0.735" /><testcase classname="tests.test_admin_password_and_leads.TestAssignmentStatus" name="test_done_removes_from_cleaner_jobs_and_sets_completed_at" time="0.638" /><testcase classname="tests.test_admin_password_and_leads.TestAssignmentStatus" name="test_status_done_endpoint" time="0.753" /><testcase classname="tests.test_app_settings_and_pwa.TestAppSettingsGet" name="test_get_returns_defaults_and_computed_fields" time="0.108" /><testcase classname="tests.test_app_settings_and_pwa.TestAppSettingsPut" name="test_put_no_password_401" time="0.107" /><testcase classname="tests.test_app_settings_and_pwa.TestAppSettingsPut" name="test_put_wrong_password_401" time="0.120" /><testcase classname="tests.test_app_settings_and_pwa.TestAppSettingsPut" name="test_put_update_then_restore" time="0.389" /><testcase classname="tests.test_app_settings_and_pwa.TestAppSettingsPut" name="test_put_hours_update_then_restore" time="0.283" /><testcase classname="tests.test_app_settings_and_pwa.TestAppSettingsLogo" name="test_logo_upload_and_reset" time="0.950" /><testcase classname="tests.test_app_settings_and_pwa.TestAppSettingsLogo" name="test_logo_upload_wrong_password" time="0.152" /><testcase classname="tests.test_app_settings_and_pwa.TestAppSettingsLogo" name="test_logo_delete_wrong_password" time="0.128" /><testcase classname="tests.test_app_settings_and_pwa.TestAppImageFit" name="test_get_includes_fit_field_default_cover" time="0.126" /><testcase classname="tests.test_app_settings_and_pwa.TestAppImageFit" name="test_patch_fit_wrong_password_401" time="0.215" /><testcase classname="tests.test_app_settings_and_pwa.TestAppImageFit" name="test_patch_fit_invalid_value_400" time="0.291" /><testcase classname="tests.test_app_settings_and_pwa.TestAppImageFit" name="test_patch_fit_toggle_and_restore" time="0.594" /><testcase classname="tests.test_app_settings_and_pwa.TestPWA" name="test_manifest_json" time="0.119" /><testcase classname="tests.test_app_settings_and_pwa.TestPWA" name="test_service_worker" time="0.131" /><testcase classname="tests.test_app_settings_and_pwa.TestPWA" name="test_icons[/icons/icon-192.png]" time="0.138" /><testcase classname="tests.test_app_settings_and_pwa.TestPWA" name="test_icons[/icons/icon-512.png]" time="0.159" /><testcase classname="tests.test_app_settings_and_pwa.TestPWA" name="test_icons[/icons/icon-maskable-512.png]" time="0.149" /><testcase classname="tests.test_app_settings_and_pwa.TestPWA" name="test_icons[/icons/apple-touch-icon.png]" time="0.154" /><testcase classname="tests.test_app_settings_and_pwa.TestPWA" name="test_index_html_has_pwa_tags" time="0.685" /><testcase classname="tests.test_assignments.TestCreateAssignment" name="test_requires_admin_pw" time="0.439" /><testcase classname="tests.test_assignments.TestCreateAssignment" name="test_wrong_admin_pw" time="0.274" /><testcase classname="tests.test_assignments.TestCreateAssignment" name="test_404_unknown_cleaner" time="0.082" /><testcase classname="tests.test_assignments.TestCreateAssignment" name="test_create_snapshots_cleaner_name_and_status" time="0.461" /><testcase classname="tests.test_assignments.TestCreateAssignment" name="test_re_assign_same_quote_replaces" time="0.654" /><testcase classname="tests.test_assignments.TestCreateAssignment" name="test_re_assign_after_done_preserves_history" time="0.948" /><testcase classname="tests.test_assignments.TestListAndDeleteAssignment" name="test_list_requires_admin" time="0.074" /><testcase classname="tests.test_assignments.TestListAndDeleteAssignment" name="test_list_and_delete_flow" time="0.694" /><testcase classname="tests.test_assignments.TestCleanerJobs" name="test_wrong_pin_401" time="0.307" /><testcase classname="tests.test_assignments.TestCleanerJobs" name="test_returns_only_assigned_status" time="0.904" /><testcase classname="tests.test_assignments.TestCompleteAssignment" name="test_wrong_pin_401" time="36.601" /><testcase classname="tests.test_assignments.TestCompleteAssignment" name="test_wrong_cleaner_id_404" time="0.556" /><testcase classname="tests.test_assignments.TestCleanerCascade" name="test_delete_cleaner_removes_assignments" time="0.482" /><testcase classname="tests.test_cleaner_tracking.TestStaffPin" name="test_get_pin_requires_admin" time="0.167" /><testcase classname="tests.test_cleaner_tracking.TestStaffPin" name="test_get_pin_wrong_admin" time="0.142" /><testcase classname="tests.test_cleaner_tracking.TestStaffPin" name="test_get_pin_ok" time="0.119" /><testcase classname="tests.test_cleaner_tracking.TestStaffPin" name="test_put_pin_rejects_non_digits" time="0.105" /><testcase classname="tests.test_cleaner_tracking.TestStaffPin" name="test_put_pin_rejects_short" time="0.103" /><testcase classname="tests.test_cleaner_tracking.TestStaffPin" name="test_put_pin_rejects_long" time="0.104" /><testcase classname="tests.test_cleaner_tracking.TestStaffPin" name="test_put_pin_requires_admin" time="0.107" /><testcase classname="tests.test_cleaner_tracking.TestStaffPin" name="test_put_pin_updates_and_old_pin_rejected_then_restore" time="0.654" /><testcase classname="tests.test_cleaner_tracking.TestCleanerCheckin" name="test_checkin_ok" time="0.171" /><testcase classname="tests.test_cleaner_tracking.TestCleanerCheckin" name="test_checkin_wrong_pin" time="0.122" /><testcase classname="tests.test_cleaner_tracking.TestCleanerCheckin" name="test_checkin_empty_name" time="0.119" /><testcase classname="tests.test_cleaner_tracking.TestCleanerCheckin" name="test_checkin_dedupe_same_name" time="0.304" /><testcase classname="tests.test_cleaner_tracking.TestCleanerLocation" name="test_location_ok_sets_sharing_true" time="0.382" /><testcase classname="tests.test_cleaner_tracking.TestCleanerLocation" name="test_location_wrong_pin" time="0.111" /><testcase classname="tests.test_cleaner_tracking.TestCleanerLocation" name="test_location_unknown_cleaner" time="0.124" /><testcase classname="tests.test_cleaner_tracking.TestCleanerLocation" name="test_stop_sets_sharing_false" time="0.489" /><testcase classname="tests.test_cleaner_tracking.TestCleanerAdmin" name="test_list_requires_admin" time="0.214" /><testcase classname="tests.test_cleaner_tracking.TestCleanerAdmin" name="test_list_returns_expected_shape" time="0.250" /><testcase classname="tests.test_cleaner_tracking.TestCleanerAdmin" name="test_delete_requires_admin" time="0.507" /><testcase classname="tests.test_cleaner_tracking.TestCleanerAdmin" name="test_delete_unknown_returns_404" time="1.013" /><testcase classname="tests.test_history_photos_reviews.TestReviewUrlSetting" name="test_default_review_url_is_empty" time="0.107" /><testcase classname="tests.test_history_photos_reviews.TestReviewUrlSetting" name="test_admin_can_set_review_url" time="0.340" /><testcase classname="tests.test_history_photos_reviews.TestAssignmentHistory" name="test_requires_admin" time="0.120" /><testcase classname="tests.test_history_photos_reviews.TestAssignmentHistory" name="test_history_returns_done_only_and_filter" time="0.920" /><testcase classname="tests.test_history_photos_reviews.TestPhotoProof" name="test_wrong_pin_rejected" time="0.472" /><testcase classname="tests.test_history_photos_reviews.TestPhotoProof" name="test_invalid_kind_rejected" time="0.446" /><testcase classname="tests.test_history_photos_reviews.TestPhotoProof" name="test_upload_and_list_and_delete_photo" time="12.747" /><testcase classname="tests.test_history_photos_reviews.TestSendReview" name="test_requires_admin" time="0.466" /><testcase classname="tests.test_history_photos_reviews.TestSendReview" name="test_fails_without_review_url" time="0.574" /><testcase classname="tests.test_history_photos_reviews.TestSendReview" name="test_returns_502_when_twilio_unconfigured" time="0.791" /><testcase classname="tests.test_site_images.TestGetSiteImages" name="test_get_public_no_auth" time="0.116" /><testcase classname="tests.test_site_images.TestGetSiteImages" name="test_seeded_gallery_labels_present" time="0.103" /><testcase classname="tests.test_site_images.TestGetSiteImages" name="test_why_section_seeded" time="0.122" /><testcase classname="tests.test_site_images.TestUploadAuth" name="test_upload_requires_admin_header" time="0.116" /><testcase classname="tests.test_site_images.TestUploadAuth" name="test_upload_wrong_password" time="0.125" /><testcase classname="tests.test_site_images.TestUploadAuth" name="test_upload_rejects_non_image" time="0.109" /><testcase classname="tests.test_site_images.TestUploadAuth" name="test_upload_rejects_bad_section" time="0.246" /><testcase classname="tests.test_site_images.TestGalleryUploadAndDelete" name="test_upload_then_get_then_delete" time="1.501" /><testcase classname="tests.test_site_images.TestGalleryUploadAndDelete" name="test_delete_unknown_id_returns_404" time="0.127" /><testcase classname="tests.test_site_images.TestHeroReplace" name="test_hero_upload_replaces_previous" time="1.075" /><testcase classname="tests.test_site_images.TestWhyReplace" name="test_why_upload_replaces_previous_and_restore" time="8.775" /><testcase classname="tests.test_site_images.TestReorder" name="test_reorder_requires_admin" time="0.102" /><testcase classname="tests.test_site_images.TestReorder" name="test_reorder_wrong_password" time="0.112" /><testcase classname="tests.test_site_images.TestReorder" name="test_reorder_reverses_and_restores" time="0.596" /><testcase classname="tests.test_site_images.TestReorder" name="test_reorder_ignores_hero_or_bogus_ids" time="0.343" /><testcase classname="tests.test_site_images.TestQuoteRegression" name="test_create_quote_still_works" time="0.111" /><testcase classname="tests.test_site_images.TestQuoteRegression" name="test_wrong_admin_password_still_401" time="0.126" /><testcase classname="tests.test_site_images" name="test_zz_cleanup" time="0.001" /></testsuite></testsuites>